<?xml version="1.0" encoding="UTF-8"?>
<testsuite xmlns:xsi="http://www.w3.org/2001/XMLSchema-instance" xsi:noNamespaceSchemaLocation="https://maven.apache.org/surefire/maven-surefire-plugin/xsd/surefire-test-report-3.0.xsd" version="3.0" name="com.example.CourseRegisterTest" time="0.007" tests="4" errors="0" skipped="0" failures="0">
  <properties>
[...]
</properties>
  <testcase name="testRegisterInputDataError" classname="com.example.CourseRegisterTest" time="0.001">
    <system-out><![CDATA[INPUT_DATA_ERROR
]]></system-out>
  </testcase>
  <testcase name="testRegisterCourseNotFoundError" classname="com.example.CourseRegisterTest" time="0.001">
    <system-out><![CDATA[COURSE_NOT_FOUND_ERROR
]]></system-out>
  </testcase>
  <testcase name="testRegister" classname="com.example.CourseRegisterTest" time="0.001">
    <system-out><![CDATA[REG-COURSE-andy-PYTHON ACCEPTED
]]></system-out>
  </testcase>
  <testcase name="testRegisterCourseFullError" classname="com.example.CourseRegisterTest" time="0.002">
    <system-out><![CDATA[REG-COURSE-andy-PYTHON ACCEPTED
REG-COURSE-woo-PYTHON ACCEPTED
REG-COURSE-alice-PYTHON ACCEPTED
]]></system-out>
  </testcase>
</testsuite>